<?xml version="1.0" encoding="UTF-8"?>
<testsuite xmlns:xsi="http://www.w3.org/2001/XMLSchema-instance" xsi:schemaLocation="https://maven.apache.org/surefire/maven-surefire-plugin/xsd/surefire-test-report.xsd" name="com.webtech.qa.AcceptanceTestSuite" time="1,191.784" tests="81" errors="0" skipped="0" failures="3">
  <properties>
    <property name="java.runtime.name" value="Java(TM) SE Runtime Environment"/>
    <property name="sun.boot.library.path" value="C:\Program Files\Java\jdk1.8.0_131\jre\bin"/>
    <property name="java.vm.version" value="25.131-b11"/>
    <property name="java.vm.vendor" value="Oracle Corporation"/>
    <property name="java.vendor.url" value="http://java.oracle.com/"/>
    <property name="path.separator" value=";"/>
    <property name="guice.disable.misplaced.annotation.check" value="true"/>
    <property name="java.vm.name" value="Java HotSpot(TM) 64-Bit Server VM"/>
    <property name="file.encoding.pkg" value="sun.io"/>
    <property name="user.script" value=""/>
    <property name="user.country" value="GB"/>
    <property name="sun.java.launcher" value="SUN_STANDARD"/>
    <property name="sun.os.patch.level" value=""/>
    <property name="java.vm.specification.name" value="Java Virtual Machine Specification"/>
    <property name="user.dir" value="D:\Execution\AUTOMATION\OCOMHP_QA"/>
    <property name="webdriver.driver" value="firefox"/>
    <property name="java.runtime.version" value="1.8.0_131-b11"/>
    <property name="injected.tags" value="browser:firefox"/>
    <property name="java.awt.graphicsenv" value="sun.awt.Win32GraphicsEnvironment"/>
    <property name="java.endorsed.dirs" value="C:\Program Files\Java\jdk1.8.0_131\jre\lib\endorsed"/>
    <property name="os.arch" value="amd64"/>
    <property name="java.io.tmpdir" value="C:\Users\arpannee\AppData\Local\Temp\"/>
    <property name="line.separator" value="&#10;"/>
    <property name="java.vm.specification.vendor" value="Oracle Corporation"/>
    <property name="user.variant" value=""/>
    <property name="os.name" value="Windows 10"/>
    <property name="classworlds.conf" value="D:\software\apache-maven-3.2.2-bin\apache-maven-3.2.2\bin\..\bin\m2.conf"/>
    <property name="sun.jnu.encoding" value="Cp1252"/>
    <property name="java.library.path" value="C:\Program Files\Java\jdk1.8.0_131\bin;C:\windows\Sun\Java\bin;C:\windows\system32;C:\windows;C:\ProgramData\Oracle\Java\javapath;C:\windows\system32;C:\windows;C:\windows\System32\Wbem;C:\windows\System32\WindowsPowerShell\v1.0;D:\software\apache-maven-3.2.2-bin\apache-maven-3.2.2\bin;C:\Program Files\nodejs;D:\software\Andrios\android-sdk_r24.3.4-windows\android-sdk-windows\tools;D:\software\Andrios\android-sdk_r24.3.4-windows\android-sdk-windows\platforms;C:\Program Files (x86)\Sennheiser\SoftphoneSDK\;C:\Program Files\TortoiseSVN\bin;C:\Program Files\nodejs\;C:\Program Files\Git\cmd;C:\Program Files\TortoiseGit\bin;C:\Users\arpannee\AppData\Local\Programs\Python\Python36-32;C:\Users\arpannee\AppData\Local\Microsoft\WindowsApps;C:\Users\arpannee\AppData\Roaming\npm;C:\Users\arpannee\AppData\Local\GitHubDesktop\bin;."/>
    <property name="java.specification.name" value="Java Platform API Specification"/>
    <property name="java.class.version" value="52.0"/>
    <property name="sun.management.compiler" value="HotSpot 64-Bit Tiered Compilers"/>
    <property name="os.version" value="10.0"/>
    <property name="user.home" value="C:\Users\arpannee"/>
    <property name="user.timezone" value="Asia/Calcutta"/>
    <property name="java.awt.printerjob" value="sun.awt.windows.WPrinterJob"/>
    <property name="java.specification.version" value="1.8"/>
    <property name="file.encoding" value="Cp1252"/>
    <property name="user.name" value="arpannee"/>
    <property name="java.class.path" value="D:\software\apache-maven-3.2.2-bin\apache-maven-3.2.2\bin\..\boot\plexus-classworlds-2.5.1.jar"/>
    <property name="org.slf4j.simpleLogger.defaultLogLevel" value="info"/>
    <property name="java.vm.specification.version" value="1.8"/>
    <property name="sun.arch.data.model" value="64"/>
    <property name="java.home" value="C:\Program Files\Java\jdk1.8.0_131\jre"/>
    <property name="sun.java.command" value="org.codehaus.plexus.classworlds.launcher.Launcher verify -Dcontext=firefox -Dwebdriver.driver=firefox -Dinjected.tags=browser:firefox"/>
    <property name="java.specification.vendor" value="Oracle Corporation"/>
    <property name="user.language" value="en"/>
    <property name="awt.toolkit" value="sun.awt.windows.WToolkit"/>
    <property name="java.vm.info" value="mixed mode"/>
    <property name="java.version" value="1.8.0_131"/>
    <property name="java.ext.dirs" value="C:\Program Files\Java\jdk1.8.0_131\jre\lib\ext;C:\windows\Sun\Java\lib\ext"/>
    <property name="sun.boot.class.path" value="C:\Program Files\Java\jdk1.8.0_131\jre\lib\resources.jar;C:\Program Files\Java\jdk1.8.0_131\jre\lib\rt.jar;C:\Program Files\Java\jdk1.8.0_131\jre\lib\sunrsasign.jar;C:\Program Files\Java\jdk1.8.0_131\jre\lib\jsse.jar;C:\Program Files\Java\jdk1.8.0_131\jre\lib\jce.jar;C:\Program Files\Java\jdk1.8.0_131\jre\lib\charsets.jar;C:\Program Files\Java\jdk1.8.0_131\jre\lib\jfr.jar;C:\Program Files\Java\jdk1.8.0_131\jre\classes"/>
    <property name="sun.stderr.encoding" value="cp437"/>
    <property name="java.vendor" value="Oracle Corporation"/>
    <property name="maven.home" value="D:\software\apache-maven-3.2.2-bin\apache-maven-3.2.2\bin\.."/>
    <property name="file.separator" value="\"/>
    <property name="java.vendor.url.bug" value="http://bugreport.sun.com/bugreport/"/>
    <property name="sun.cpu.endian" value="little"/>
    <property name="sun.io.unicode.encoding" value="UnicodeLittle"/>
    <property name="sun.stdout.encoding" value="cp437"/>
    <property name="sun.desktop" value="windows"/>
    <property name="context" value="firefox"/>
    <property name="sun.cpu.isalist" value="amd64"/>
  </properties>
  <testcase name="BeforeStories" classname="java.lang.Object" time="0.061"/>
  <testcase name="Given User on the home page" classname="com.webtech.qa.steps.CarouselBannerDefinition" time="26.749"/>
  <testcase name="When User navigates to About Oracle" classname="com.webtech.qa.steps.AboutOracleCB50Definition" time="6.569"/>
  <testcase name="Then User must see 4 featured areas" classname="com.webtech.qa.steps.AboutOracleCB50Definition" time="2.575"/>
  <testcase name="Scenario: Oracle CB50 - Featured area" classname="Scenario: Oracle CB50 - Featured area" time="3.515"/>
  <testcase name="Given User on the home page​" classname="com.webtech.qa.steps.CarouselBannerDefinition" time="19.819"/>
  <testcase name="When User see featured area" classname="com.webtech.qa.steps.AboutOracleCB50Definition" time="6.124"/>
  <testcase name="Then User must navigate to the featured page" classname="com.webtech.qa.steps.AboutOracleCB50Definition" time="40.28">
    <failure type="java.lang.AssertionError">java.lang.AssertionError
	at com.webtech.qa.steps.AboutOracleCB50Definition.Usermustnavigatetothefeaturedpage(AboutOracleCB50Definition.java:41)
</failure>
    <system-out><![CDATA[200
200
400
Then User must navigate to the featured page (FAILED)
(java.lang.AssertionError)
]]></system-out>
    <system-err><![CDATA[JavaScript error: https://cdn.app.compendium.com/uploads/user/a7c086f7-9adb-4d2c-90fa-e26177af8317/49b7153f-f845-40d2-a360-dcc5e23edd98/File/4d1277cfac4101b8793de80542c98118/jquery.js, line 38: Error: BETA MODE - DEFAULT JQUERY SCRIPT CANCELLED 
JavaScript error: https://www.oracle.com/webfolder/s/assets/14.7.0/js/jquery.js, line 16: Error: BETA MODE - DEFAULT BLOGS-SCRIPT SCRIPT CANCELLED 
JavaScript warning: https://tags.bkrtx.com/js/bk-coretag.js, line 5: flags argument of String.prototype.{search,match,replace} is deprecated
JavaScript error: https://www.oracle.com/asset/web/js/jquery.js, line 16: Error: BETA MODE - DEFAULT JQUERY SCRIPT CANCELLED 
JavaScript error: https://www.oracle.com/webfolder/s/assets/14.7.0/js/jquery.js, line 16: Error: BETA MODE - DEFAULT OCOM-HOME-V3 SCRIPT CANCELLED 
JavaScript warning: https://tags.bkrtx.com/js/bk-coretag.js, line 5: flags argument of String.prototype.{search,match,replace} is deprecated
JavaScript error: https://cdn.app.compendium.com/uploads/user/a7c086f7-9adb-4d2c-90fa-e26177af8317/49b7153f-f845-40d2-a360-dcc5e23edd98/File/4d1277cfac4101b8793de80542c98118/jquery.js, line 38: Error: BETA MODE - DEFAULT JQUERY SCRIPT CANCELLED 
JavaScript error: https://www.oracle.com/webfolder/s/assets/14.7.0/js/jquery.js, line 16: Error: BETA MODE - DEFAULT BLOGS-SCRIPT SCRIPT CANCELLED 
JavaScript warning: https://tags.bkrtx.com/js/bk-coretag.js, line 5: flags argument of String.prototype.{search,match,replace} is deprecated
JavaScript error: https://www.oracle.com/asset/web/js/jquery.js, line 16: Error: BETA MODE - DEFAULT JQUERY SCRIPT CANCELLED 
JavaScript error: https://www.oracle.com/webfolder/s/assets/14.7.0/js/jquery.js, line 16: Error: BETA MODE - DEFAULT OCOM-HOME-V3 SCRIPT CANCELLED 
JavaScript warning: https://tags.bkrtx.com/js/bk-coretag.js, line 5: flags argument of String.prototype.{search,match,replace} is deprecated
1515325649718	addons.productaddons	INFO	sending request to: https://aus5.mozilla.org/update/3/GMP/47.0.1/20160623154057/WINNT_x86-msvc-x64/en-US/release/Windows_NT%2010.0.0.0%20(x64)/default/default/update.xml
1515325651343	addons.productaddons	INFO	Completed downloading document
]]></system-err>
  </testcase>
  <testcase name="Scenario: Oracle CB50 - Featured area Page" classname="Scenario: Oracle CB50 - Featured area Page" time="40.3">
    <failure message="scenario failed!" type="java.lang.AssertionError">java.lang.AssertionError: scenario failed!
</failure>
    <system-out><![CDATA[
java.lang.AssertionError
	at org.junit.Assert.fail(Assert.java:86)
	at org.junit.Assert.assertTrue(Assert.java:41)
	at org.junit.Assert.assertTrue(Assert.java:52)
	at com.webtech.qa.pages.AboutOracleCB50Page.is_expected_page(AboutOracleCB50Page.java:92)
	at com.webtech.qa.pages.AboutOracleCB50Page.click_feature_area(AboutOracleCB50Page.java:69)
	at com.webtech.qa.steps.serenity.AboutOracleCB50Steps.is_expected_page(AboutOracleCB50Steps.java:40)
	at com.webtech.qa.steps.serenity.AboutOracleCB50Steps$$EnhancerByCGLIB$$6b85b041.CGLIB$is_expected_page$3(<generated>)
	at com.webtech.qa.steps.serenity.AboutOracleCB50Steps$$EnhancerByCGLIB$$6b85b041$$FastClassByCGLIB$$df2b8f43.invoke(<generated>)
	at net.sf.cglib.proxy.MethodProxy.invokeSuper(MethodProxy.java:228)
	at net.thucydides.core.steps.StepInterceptor.invokeMethod(StepInterceptor.java:395)
	at net.thucydides.core.steps.StepInterceptor.executeTestStepMethod(StepInterceptor.java:380)
	at net.thucydides.core.steps.StepInterceptor.runTestStep(StepInterceptor.java:355)
	at net.thucydides.core.steps.StepInterceptor.testStepResult(StepInterceptor.java:132)
	at net.thucydides.core.steps.StepInterceptor.intercept(StepInterceptor.java:61)
	at com.webtech.qa.steps.serenity.AboutOracleCB50Steps$$EnhancerByCGLIB$$6b85b041.is_expected_page(<generated>)
	at com.webtech.qa.steps.AboutOracleCB50Definition.Usermustnavigatetothefeaturedpage(AboutOracleCB50Definition.java:41)
	(reflection-invoke)
	at org.jbehave.core.steps.StepCreator$ParametrisedStep.perform(StepCreator.java:733)
	at org.jbehave.core.embedder.PerformableTree$FineSoFar.run(PerformableTree.java:346)
...
]]></system-out>
  </testcase>
  <testcase name="AboutOracleCB50.story" classname="AboutOracleCB50.story" time="42.15">
    <failure message="story failed!" type="java.lang.AssertionError">java.lang.AssertionError: story failed!
</failure>
    <system-out><![CDATA[
]]></system-out>
    <system-err><![CDATA[1515325655333	addons.xpi	DEBUG	Calling bootstrap method shutdown on e10srollout@mozilla.org version 1.0
1515325655334	addons.xpi	DEBUG	Calling bootstrap method shutdown on firefox@getpocket.com version 1.0.2
1515325655334	addons.xpi	DEBUG	Calling bootstrap method shutdown on loop@mozilla.org version 1.3.2
1515325655468	addons.productaddons	WARN	Failed downloading via XHR, status: 0, reason: error
1515325655589	addons.manager	DEBUG	shutdown
1515325655589	addons.manager	DEBUG	Calling shutdown blocker for XPIProvider
1515325655590	addons.xpi	DEBUG	shutdown
1515325655591	addons.xpi-utils	DEBUG	shutdown
1515325655593	addons.manager	DEBUG	Calling shutdown blocker for LightweightThemeManager
1515325655595	addons.manager	DEBUG	Calling shutdown blocker for GMPProvider
1515325655598	addons.manager	DEBUG	Calling shutdown blocker for PluginProvider
1515325655599	addons.manager	DEBUG	Calling shutdown blocker for <unnamed-provider>
1515325655602	addons.manager	DEBUG	Calling shutdown blocker for PreviousExperimentProvider
1515325655613	addons.xpi	DEBUG	Notifying XPI shutdown observers
1515325655620	addons.manager	DEBUG	Async provider shutdown done
[pool-1-thread-1] ERROR net.serenitybdd.core.Serenity - 
           __  _____ _____ ____ _____   _____ _    ___ _     _____ ____  
  _       / / |_   _| ____/ ___|_   _| |  ___/ \  |_ _| |   | ____|  _ \ 
 (_)_____| |    | | |  _| \___ \ | |   | |_ / _ \  | || |   |  _| | | | |
  _|_____| |    | | | |___ ___) || |   |  _/ ___ \ | || |___| |___| |_| |
 (_)     | |    |_| |_____|____/ |_|   |_|/_/   \_\___|_____|_____|____/ 
          \_\                                                            

TEST FAILED: Oracle CB50 - Featured area Page
--------------------------------------------------------------------------
[pool-1-thread-1] ERROR net.serenitybdd.core.Serenity - TEST FAILED AT STEP Is expected page
[pool-1-thread-1] ERROR net.serenitybdd.core.Serenity - 
]]></system-err>
  </testcase>
  <testcase name="Given User on the home page​​" classname="com.webtech.qa.steps.CarouselBannerDefinition" time="20.979"/>
  <testcase name="When User scrolls down" classname="com.webtech.qa.steps.Acceleratorcn24Definition" time="5.356"/>
  <testcase name="Then User must see top actions links" classname="com.webtech.qa.steps.Acceleratorcn24Definition" time="2.454"/>
  <testcase name="Scenario: Top Actions - Scroll down the page to view Top Actions" classname="Scenario: Top Actions - Scroll down the page to view Top Actions" time="3.462"/>
  <testcase name="Given User on the home page​​​" classname="com.webtech.qa.steps.CarouselBannerDefinition" time="26.731"/>
  <testcase name="When User view accelerator" classname="com.webtech.qa.steps.Acceleratorcn24Definition" time="1.9"/>
  <testcase name="Then each top actions must have an icon and label below it" classname="com.webtech.qa.steps.Acceleratorcn24Definition" time="7.755"/>
  <testcase name="Scenario: Top Actions - links and icons" classname="Scenario: Top Actions - links and icons" time="8.563"/>
  <testcase name="Given User on the home page​​​​" classname="com.webtech.qa.steps.CarouselBannerDefinition" time="19.48"/>
  <testcase name="When User hovers over &apos;More&apos; menu" classname="com.webtech.qa.steps.Acceleratorcn24Definition" time="10.995"/>
  <testcase name="Then menu dropdown panel must open showing options" classname="com.webtech.qa.steps.Acceleratorcn24Definition" time="3.289"/>
  <testcase name="Scenario: Top Actions - “More” menu" classname="Scenario: Top Actions - “More” menu" time="4.448"/>
  <testcase name="Given User on the home page​​​​​" classname="com.webtech.qa.steps.CarouselBannerDefinition" time="18.565"/>
  <testcase name="When User hovers over &apos;More&apos; menu​" classname="com.webtech.qa.steps.Acceleratorcn24Definition" time="11.166"/>
  <testcase name="Then User clicks option on menu" classname="com.webtech.qa.steps.Acceleratorcn24Definition" time="14.195"/>
  <testcase name="Then User checks must navigate to appropriate page" classname="com.webtech.qa.steps.Acceleratorcn24Definition" time="6.432"/>
  <testcase name="Scenario: Top Actions – expanded “More” menu" classname="Scenario: Top Actions – expanded “More” menu" time="7.625"/>
  <testcase name="Given User on the home page​​​​​​" classname="com.webtech.qa.steps.CarouselBannerDefinition" time="17.683"/>
  <testcase name="When User hovers over &apos;More&apos; menu​​" classname="com.webtech.qa.steps.Acceleratorcn24Definition" time="11.152"/>
  <testcase name="Then User points the mouse away from the dropdown" classname="com.webtech.qa.steps.Acceleratorcn24Definition" time="2.624"/>
  <testcase name="Then the dropdown panel must close" classname="com.webtech.qa.steps.Acceleratorcn24Definition" time="2.889"/>
  <testcase name="Scenario: Top Actions – hover over state - “More” menu" classname="Scenario: Top Actions – hover over state - “More” menu" time="3.662"/>
  <testcase name="AcceleratorCN24.story" classname="AcceleratorCN24.story" time="5.288"/>
  <testcase name="Given User on the home page​​​​​​​" classname="com.webtech.qa.steps.CarouselBannerDefinition" time="20.009"/>
  <testcase name="When User see 3 or more than 3 story slides" classname="com.webtech.qa.steps.CarouselBannerDefinition" time="2.598"/>
  <testcase name="Then User clicks on CTA in each slide in the story slide must navigate to appropriate page" classname="com.webtech.qa.steps.CarouselBannerDefinition" time="392.301"/>
  <testcase name="Scenario: Carousel Banner - View each story slide" classname="Scenario: Carousel Banner - View each story slide" time="393.117"/>
  <testcase name="Given User on the home page​​​​​​​​" classname="com.webtech.qa.steps.CarouselBannerDefinition" time="20.651"/>
  <testcase name="When Story slide is in view" classname="com.webtech.qa.steps.CarouselBannerDefinition" time="2.66"/>
  <testcase name="Then corresponding place dot turn red in color" classname="com.webtech.qa.steps.CarouselBannerDefinition" time="2.743"/>
  <testcase name="Scenario: Carousel Banner - Stories auto rotate" classname="Scenario: Carousel Banner - Stories auto rotate" time="3.353"/>
  <testcase name="Given User on the home page​​​​​​​​​" classname="com.webtech.qa.steps.CarouselBannerDefinition" time="23.38"/>
  <testcase name="When User clicks on the left nav arrows" classname="com.webtech.qa.steps.CarouselBannerDefinition" time="5.882"/>
  <testcase name="Then slide navigates to previous story" classname="com.webtech.qa.steps.CarouselBannerDefinition" time="2.659"/>
  <testcase name="When User clicks on the right nav arrows" classname="com.webtech.qa.steps.CarouselBannerDefinition" time="5.96"/>
  <testcase name="Then slide navigates to next story" classname="com.webtech.qa.steps.CarouselBannerDefinition" time="1.821"/>
  <testcase name="Scenario: Carousel Banner - Navigate through stories using nav arrows" classname="Scenario: Carousel Banner - Navigate through stories using nav arrows" time="2.388"/>
  <testcase name="Given User on the home page​​​​​​​​​​" classname="com.webtech.qa.steps.CarouselBannerDefinition" time="20.143"/>
  <testcase name="When User hovers over left nav arrows" classname="com.webtech.qa.steps.CarouselBannerDefinition" time="5.04"/>
  <testcase name="Then User see the background of the arrow must turn gray" classname="com.webtech.qa.steps.CarouselBannerDefinition" time="5.534"/>
  <testcase name="Then User hovers over right nav arrows also" classname="com.webtech.qa.steps.CarouselBannerDefinition" time="4.261"/>
  <testcase name="Then User see the background of the arrow must turn Gray" classname="com.webtech.qa.steps.CarouselBannerDefinition" time="3.14"/>
  <testcase name="Scenario: Carousel Banner - Nav arrows - Hover over state" classname="Scenario: Carousel Banner - Nav arrows - Hover over state" time="3.705"/>
  <testcase name="Given User on the home page​​​​​​​​​​​" classname="com.webtech.qa.steps.CarouselBannerDefinition" time="23.759"/>
  <testcase name="When User hovers over place dots" classname="com.webtech.qa.steps.CarouselBannerDefinition" time="4.414"/>
  <testcase name="Then place dot must turn white in color" classname="com.webtech.qa.steps.CarouselBannerDefinition" time="2.108"/>
  <testcase name="Scenario: Carousel Banner - Place dots - Hover over state" classname="Scenario: Carousel Banner - Place dots - Hover over state" time="2.956"/>
  <testcase name="Given User on the home page​​​​​​​​​​​​" classname="com.webtech.qa.steps.CarouselBannerDefinition" time="20.907"/>
  <testcase name="When User hovers over CTA button" classname="com.webtech.qa.steps.CarouselBannerDefinition" time="5.807"/>
  <testcase name="Then User see the background of the button must turn blue in color" classname="com.webtech.qa.steps.CarouselBannerDefinition" time="6.428"/>
  <testcase name="Scenario: Carousel Banner - CTA button - Hover over state" classname="Scenario: Carousel Banner - CTA button - Hover over state" time="7.159"/>
  <testcase name="CarouselBannerHP10.story" classname="CarouselBannerHP10.story" time="8.847"/>
  <testcase name="Given User on the home page​​​​​​​​​​​​​" classname="com.webtech.qa.steps.CarouselBannerDefinition" time="18.904"/>
  <testcase name="When User hover on CTA button" classname="com.webtech.qa.steps.DemandSupportCB27v4Definition" time="7.472"/>
  <testcase name="Then User must see backgroundcolor change to white" classname="com.webtech.qa.steps.DemandSupportCB27v4Definition" time="7.277"/>
  <testcase name="Scenario: CTA Background color" classname="Scenario: CTA Background color" time="8.338"/>
  <testcase name="Given User on the home page​​​​​​​​​​​​​​" classname="com.webtech.qa.steps.CarouselBannerDefinition" time="22.923"/>
  <testcase name="When User clicks on CTA button" classname="com.webtech.qa.steps.DemandSupportCB27v4Definition" time="38.078"/>
  <testcase name="Then User must navigate to the events page" classname="com.webtech.qa.steps.DemandSupportCB27v4Definition" time="11"/>
  <testcase name="Scenario: Navigate to event page" classname="Scenario: Navigate to event page" time="11.305"/>
  <testcase name="DemandSupportCB27v4.story" classname="DemandSupportCB27v4.story" time="13.014"/>
  <testcase name="Given User on the home page​​​​​​​​​​​​​​​" classname="com.webtech.qa.steps.CarouselBannerDefinition" time="19.426"/>
  <testcase name="When User hovers over the links" classname="com.webtech.qa.steps.SegmentDivingCB25v2Definition" time="31.081"/>
  <testcase name="Then the link must be underlined" classname="com.webtech.qa.steps.SegmentDivingCB25v2Definition" time="3.371"/>
  <testcase name="Scenario: Hoverover the hyperlinks" classname="Scenario: Hoverover the hyperlinks" time="4.549"/>
  <testcase name="Given User on the home page​​​​​​​​​​​​​​​​" classname="com.webtech.qa.steps.CarouselBannerDefinition" time="20.373"/>
  <testcase name="When User clicks on segment link" classname="com.webtech.qa.steps.SegmentDivingCB25v2Definition" time="41.124"/>
  <testcase name="Then User must navigate to the segment page" classname="com.webtech.qa.steps.SegmentDivingCB25v2Definition" time="11.034"/>
  <testcase name="Scenario: Navigate to segment page" classname="Scenario: Navigate to segment page" time="12.395"/>
  <testcase name="SegmentDivingCB25v2.story" classname="SegmentDivingCB25v2.story" time="14.437"/>
  <testcase name="AfterStories" classname="java.lang.Object" time="0.001"/>
</testsuite>